<?xml version="1.0" encoding="UTF-8" ?>
<testsuite failures="0" time="2.008" errors="0" skipped="0" tests="1" name="com.boohoo.esb.database.boohoo.database.repository.UserRepositoryIntegrationTest">
  <properties>
    <property name="jboss.i18n.generate-proxies" value="true"/>
    <property name="java.runtime.name" value="Java(TM) SE Runtime Environment"/>
    <property name="sun.boot.library.path" value="/System/Library/Java/JavaVirtualMachines/1.6.0.jdk/Contents/Libraries"/>
    <property name="java.vm.version" value="20.45-b01-451"/>
    <property name="awt.nativeDoubleBuffering" value="true"/>
    <property name="gopherProxySet" value="false"/>
    <property name="mrj.build" value="11M4406"/>
    <property name="java.vm.vendor" value="Apple Inc."/>
    <property name="java.vendor.url" value="http://www.apple.com/"/>
    <property name="path.separator" value=":"/>
    <property name="java.rmi.server.randomIDs" value="true"/>
    <property name="java.vm.name" value="Java HotSpot(TM) 64-Bit Server VM"/>
    <property name="file.encoding.pkg" value="sun.io"/>
    <property name="user.country" value="US"/>
    <property name="sun.java.launcher" value="SUN_STANDARD"/>
    <property name="sun.os.patch.level" value="unknown"/>
    <property name="java.vm.specification.name" value="Java Virtual Machine Specification"/>
    <property name="user.dir" value="/Users/ramesh/Documents/workspace/boohoo-database"/>
    <property name="java.runtime.version" value="1.6.0_45-b06-451-11M4406"/>
    <property name="java.awt.graphicsenv" value="apple.awt.CGraphicsEnvironment"/>
    <property name="basedir" value="/Users/ramesh/Documents/workspace/boohoo-database"/>
    <property name="java.endorsed.dirs" value="/System/Library/Java/JavaVirtualMachines/1.6.0.jdk/Contents/Home/lib/endorsed"/>
    <property name="os.arch" value="x86_64"/>
    <property name="surefire.real.class.path" value="/Users/ramesh/Documents/workspace/boohoo-database/target/surefire/surefirebooter6298371548567552836.jar"/>
    <property name="java.io.tmpdir" value="/var/folders/h7/sl_xr8wx3933hmqy319mr6fw0000gn/T/"/>
    <property name="line.separator" value="
"/>
    <property name="java.vm.specification.vendor" value="Sun Microsystems Inc."/>
    <property name="os.name" value="Mac OS X"/>
    <property name="sun.jnu.encoding" value="MacRoman"/>
    <property name="java.library.path" value=".:/Library/Java/Extensions:/System/Library/Java/Extensions:/usr/lib/java"/>
    <property name="surefire.test.class.path" value="/Users/ramesh/Documents/workspace/boohoo-database/target/test-classes:/Users/ramesh/Documents/workspace/boohoo-database/target/classes:/Users/ramesh/.m2/repository/org/apache/camel/camel-core/2.10.0.fuse-71-047/camel-core-2.10.0.fuse-71-047.jar:/Users/ramesh/.m2/repository/org/apache/camel/camel-spring/2.10.0.fuse-71-047/camel-spring-2.10.0.fuse-71-047.jar:/Users/ramesh/.m2/repository/org/slf4j/slf4j-api/1.6.6/slf4j-api-1.6.6.jar:/Users/ramesh/.m2/repository/org/slf4j/slf4j-log4j12/1.6.6/slf4j-log4j12-1.6.6.jar:/Users/ramesh/.m2/repository/log4j/log4j/1.2.17/log4j-1.2.17.jar:/Users/ramesh/.m2/repository/org/apache/camel/camel-test-spring/2.10.0.fuse-71-047/camel-test-spring-2.10.0.fuse-71-047.jar:/Users/ramesh/.m2/repository/org/apache/camel/camel-test/2.10.0.fuse-71-047/camel-test-2.10.0.fuse-71-047.jar:/Users/ramesh/.m2/repository/junit/junit/4.10/junit-4.10.jar:/Users/ramesh/.m2/repository/org/hamcrest/hamcrest-core/1.1/hamcrest-core-1.1.jar:/Users/ramesh/.m2/repository/org/springframework/spring-test/3.1.2.RELEASE/spring-test-3.1.2.RELEASE.jar:/Users/ramesh/.m2/repository/org/springframework/data/spring-data-jpa/1.3.0.RELEASE/spring-data-jpa-1.3.0.RELEASE.jar:/Users/ramesh/.m2/repository/org/springframework/data/spring-data-commons/1.5.0.RELEASE/spring-data-commons-1.5.0.RELEASE.jar:/Users/ramesh/.m2/repository/org/aspectj/aspectjrt/1.7.1/aspectjrt-1.7.1.jar:/Users/ramesh/.m2/repository/org/slf4j/jcl-over-slf4j/1.7.1/jcl-over-slf4j-1.7.1.jar:/Users/ramesh/.m2/repository/org/hsqldb/hsqldb/2.2.8/hsqldb-2.2.8.jar:/Users/ramesh/.m2/repository/org/hibernate/hibernate-entitymanager/4.2.0.Final/hibernate-entitymanager-4.2.0.Final.jar:/Users/ramesh/.m2/repository/org/jboss/logging/jboss-logging/3.1.0.GA/jboss-logging-3.1.0.GA.jar:/Users/ramesh/.m2/repository/org/hibernate/hibernate-core/4.2.0.Final/hibernate-core-4.2.0.Final.jar:/Users/ramesh/.m2/repository/antlr/antlr/2.7.7/antlr-2.7.7.jar:/Users/ramesh/.m2/repository/org/jboss/spec/javax/transaction/jboss-transaction-api_1.1_spec/1.0.0.Final/jboss-transaction-api_1.1_spec-1.0.0.Final.jar:/Users/ramesh/.m2/repository/org/hibernate/javax/persistence/hibernate-jpa-2.0-api/1.0.1.Final/hibernate-jpa-2.0-api-1.0.1.Final.jar:/Users/ramesh/.m2/repository/org/javassist/javassist/3.15.0-GA/javassist-3.15.0-GA.jar:/Users/ramesh/.m2/repository/org/hibernate/common/hibernate-commons-annotations/4.0.1.Final/hibernate-commons-annotations-4.0.1.Final.jar:/Users/ramesh/.m2/repository/org/springframework/spring-orm/3.2.2.RELEASE/spring-orm-3.2.2.RELEASE.jar:/Users/ramesh/.m2/repository/aopalliance/aopalliance/1.0/aopalliance-1.0.jar:/Users/ramesh/.m2/repository/org/springframework/spring-jdbc/3.2.2.RELEASE/spring-jdbc-3.2.2.RELEASE.jar:/Users/ramesh/.m2/repository/org/springframework/spring-context/3.2.2.RELEASE/spring-context-3.2.2.RELEASE.jar:/Users/ramesh/.m2/repository/org/springframework/spring-expression/3.2.2.RELEASE/spring-expression-3.2.2.RELEASE.jar:/Users/ramesh/.m2/repository/org/springframework/spring-aop/3.2.2.RELEASE/spring-aop-3.2.2.RELEASE.jar:/Users/ramesh/.m2/repository/org/springframework/spring-tx/3.2.2.RELEASE/spring-tx-3.2.2.RELEASE.jar:/Users/ramesh/.m2/repository/org/springframework/spring-beans/3.2.2.RELEASE/spring-beans-3.2.2.RELEASE.jar:/Users/ramesh/.m2/repository/org/springframework/spring-instrument/3.2.2.RELEASE/spring-instrument-3.2.2.RELEASE.jar:/Users/ramesh/.m2/repository/org/springframework/spring-core/3.2.2.RELEASE/spring-core-3.2.2.RELEASE.jar:/Users/ramesh/.m2/repository/commons-lang/commons-lang/2.6/commons-lang-2.6.jar:/Users/ramesh/.m2/repository/dom4j/dom4j/1.6/dom4j-1.6.jar:/Users/ramesh/.m2/repository/xml-apis/xml-apis/1.0.b2/xml-apis-1.0.b2.jar:/Users/ramesh/.m2/repository/javax/persistence/persistence-api/1.0.2/persistence-api-1.0.2.jar:/Users/ramesh/.m2/repository/mysql/mysql-connector-java/5.1.24/mysql-connector-java-5.1.24.jar:/Users/ramesh/.m2/repository/commons-dbcp/commons-dbcp/1.4/commons-dbcp-1.4.jar:/Users/ramesh/.m2/repository/commons-pool/commons-pool/1.5.4/commons-pool-1.5.4.jar:"/>
    <property name="java.specification.name" value="Java Platform API Specification"/>
    <property name="java.class.version" value="50.0"/>
    <property name="sun.management.compiler" value="HotSpot 64-Bit Tiered Compilers"/>
    <property name="os.version" value="10.8.3"/>
    <property name="http.nonProxyHosts" value="local|*.local|169.254/16|*.169.254/16"/>
    <property name="user.home" value="/Users/ramesh"/>
    <property name="user.timezone" value="Europe/London"/>
    <property name="java.awt.printerjob" value="apple.awt.CPrinterJob"/>
    <property name="java.specification.version" value="1.6"/>
    <property name="file.encoding" value="MacRoman"/>
    <property name="user.name" value="ramesh"/>
    <property name="java.class.path" value="/Users/ramesh/Documents/workspace/boohoo-database/target/test-classes:/Users/ramesh/Documents/workspace/boohoo-database/target/classes:/Users/ramesh/.m2/repository/org/apache/camel/camel-core/2.10.0.fuse-71-047/camel-core-2.10.0.fuse-71-047.jar:/Users/ramesh/.m2/repository/org/apache/camel/camel-spring/2.10.0.fuse-71-047/camel-spring-2.10.0.fuse-71-047.jar:/Users/ramesh/.m2/repository/org/slf4j/slf4j-api/1.6.6/slf4j-api-1.6.6.jar:/Users/ramesh/.m2/repository/org/slf4j/slf4j-log4j12/1.6.6/slf4j-log4j12-1.6.6.jar:/Users/ramesh/.m2/repository/log4j/log4j/1.2.17/log4j-1.2.17.jar:/Users/ramesh/.m2/repository/org/apache/camel/camel-test-spring/2.10.0.fuse-71-047/camel-test-spring-2.10.0.fuse-71-047.jar:/Users/ramesh/.m2/repository/org/apache/camel/camel-test/2.10.0.fuse-71-047/camel-test-2.10.0.fuse-71-047.jar:/Users/ramesh/.m2/repository/junit/junit/4.10/junit-4.10.jar:/Users/ramesh/.m2/repository/org/hamcrest/hamcrest-core/1.1/hamcrest-core-1.1.jar:/Users/ramesh/.m2/repository/org/springframework/spring-test/3.1.2.RELEASE/spring-test-3.1.2.RELEASE.jar:/Users/ramesh/.m2/repository/org/springframework/data/spring-data-jpa/1.3.0.RELEASE/spring-data-jpa-1.3.0.RELEASE.jar:/Users/ramesh/.m2/repository/org/springframework/data/spring-data-commons/1.5.0.RELEASE/spring-data-commons-1.5.0.RELEASE.jar:/Users/ramesh/.m2/repository/org/aspectj/aspectjrt/1.7.1/aspectjrt-1.7.1.jar:/Users/ramesh/.m2/repository/org/slf4j/jcl-over-slf4j/1.7.1/jcl-over-slf4j-1.7.1.jar:/Users/ramesh/.m2/repository/org/hsqldb/hsqldb/2.2.8/hsqldb-2.2.8.jar:/Users/ramesh/.m2/repository/org/hibernate/hibernate-entitymanager/4.2.0.Final/hibernate-entitymanager-4.2.0.Final.jar:/Users/ramesh/.m2/repository/org/jboss/logging/jboss-logging/3.1.0.GA/jboss-logging-3.1.0.GA.jar:/Users/ramesh/.m2/repository/org/hibernate/hibernate-core/4.2.0.Final/hibernate-core-4.2.0.Final.jar:/Users/ramesh/.m2/repository/antlr/antlr/2.7.7/antlr-2.7.7.jar:/Users/ramesh/.m2/repository/org/jboss/spec/javax/transaction/jboss-transaction-api_1.1_spec/1.0.0.Final/jboss-transaction-api_1.1_spec-1.0.0.Final.jar:/Users/ramesh/.m2/repository/org/hibernate/javax/persistence/hibernate-jpa-2.0-api/1.0.1.Final/hibernate-jpa-2.0-api-1.0.1.Final.jar:/Users/ramesh/.m2/repository/org/javassist/javassist/3.15.0-GA/javassist-3.15.0-GA.jar:/Users/ramesh/.m2/repository/org/hibernate/common/hibernate-commons-annotations/4.0.1.Final/hibernate-commons-annotations-4.0.1.Final.jar:/Users/ramesh/.m2/repository/org/springframework/spring-orm/3.2.2.RELEASE/spring-orm-3.2.2.RELEASE.jar:/Users/ramesh/.m2/repository/aopalliance/aopalliance/1.0/aopalliance-1.0.jar:/Users/ramesh/.m2/repository/org/springframework/spring-jdbc/3.2.2.RELEASE/spring-jdbc-3.2.2.RELEASE.jar:/Users/ramesh/.m2/repository/org/springframework/spring-context/3.2.2.RELEASE/spring-context-3.2.2.RELEASE.jar:/Users/ramesh/.m2/repository/org/springframework/spring-expression/3.2.2.RELEASE/spring-expression-3.2.2.RELEASE.jar:/Users/ramesh/.m2/repository/org/springframework/spring-aop/3.2.2.RELEASE/spring-aop-3.2.2.RELEASE.jar:/Users/ramesh/.m2/repository/org/springframework/spring-tx/3.2.2.RELEASE/spring-tx-3.2.2.RELEASE.jar:/Users/ramesh/.m2/repository/org/springframework/spring-beans/3.2.2.RELEASE/spring-beans-3.2.2.RELEASE.jar:/Users/ramesh/.m2/repository/org/springframework/spring-instrument/3.2.2.RELEASE/spring-instrument-3.2.2.RELEASE.jar:/Users/ramesh/.m2/repository/org/springframework/spring-core/3.2.2.RELEASE/spring-core-3.2.2.RELEASE.jar:/Users/ramesh/.m2/repository/commons-lang/commons-lang/2.6/commons-lang-2.6.jar:/Users/ramesh/.m2/repository/dom4j/dom4j/1.6/dom4j-1.6.jar:/Users/ramesh/.m2/repository/xml-apis/xml-apis/1.0.b2/xml-apis-1.0.b2.jar:/Users/ramesh/.m2/repository/javax/persistence/persistence-api/1.0.2/persistence-api-1.0.2.jar:/Users/ramesh/.m2/repository/mysql/mysql-connector-java/5.1.24/mysql-connector-java-5.1.24.jar:/Users/ramesh/.m2/repository/commons-dbcp/commons-dbcp/1.4/commons-dbcp-1.4.jar:/Users/ramesh/.m2/repository/commons-pool/commons-pool/1.5.4/commons-pool-1.5.4.jar:"/>
    <property name="java.vm.specification.version" value="1.0"/>
    <property name="sun.arch.data.model" value="64"/>
    <property name="java.home" value="/System/Library/Java/JavaVirtualMachines/1.6.0.jdk/Contents/Home"/>
    <property name="sun.java.command" value="/Users/ramesh/Documents/workspace/boohoo-database/target/surefire/surefirebooter6298371548567552836.jar /Users/ramesh/Documents/workspace/boohoo-database/target/surefire/surefire6379244384437982576tmp /Users/ramesh/Documents/workspace/boohoo-database/target/surefire/surefire6871580981723011835tmp"/>
    <property name="java.specification.vendor" value="Sun Microsystems Inc."/>
    <property name="user.language" value="en"/>
    <property name="awt.toolkit" value="apple.awt.CToolkit"/>
    <property name="java.vm.info" value="mixed mode"/>
    <property name="java.version" value="1.6.0_45"/>
    <property name="java.ext.dirs" value="/Library/Java/Extensions:/System/Library/Java/Extensions:/System/Library/Java/JavaVirtualMachines/1.6.0.jdk/Contents/Home/lib/ext"/>
    <property name="sun.boot.class.path" value="/System/Library/Java/JavaVirtualMachines/1.6.0.jdk/Contents/Classes/jsfd.jar:/System/Library/Java/JavaVirtualMachines/1.6.0.jdk/Contents/Classes/classes.jar:/System/Library/Frameworks/JavaVM.framework/Frameworks/JavaRuntimeSupport.framework/Resources/Java/JavaRuntimeSupport.jar:/System/Library/Java/JavaVirtualMachines/1.6.0.jdk/Contents/Classes/ui.jar:/System/Library/Java/JavaVirtualMachines/1.6.0.jdk/Contents/Classes/laf.jar:/System/Library/Java/JavaVirtualMachines/1.6.0.jdk/Contents/Classes/sunrsasign.jar:/System/Library/Java/JavaVirtualMachines/1.6.0.jdk/Contents/Classes/jsse.jar:/System/Library/Java/JavaVirtualMachines/1.6.0.jdk/Contents/Classes/jce.jar:/System/Library/Java/JavaVirtualMachines/1.6.0.jdk/Contents/Classes/charsets.jar"/>
    <property name="java.vendor" value="Apple Inc."/>
    <property name="localRepository" value="/Users/ramesh/.m2/repository"/>
    <property name="file.separator" value="/"/>
    <property name="java.vendor.url.bug" value="http://bugreport.apple.com/"/>
    <property name="sun.cpu.endian" value="little"/>
    <property name="sun.io.unicode.encoding" value="UnicodeLittle"/>
    <property name="mrj.version" value="1070.1.6.0_45-451"/>
    <property name="socksNonProxyHosts" value="local|*.local|169.254/16|*.169.254/16"/>
    <property name="ftp.nonProxyHosts" value="local|*.local|169.254/16|*.169.254/16"/>
    <property name="sun.cpu.isalist" value=""/>
  </properties>
  <testcase time="1.871" classname="com.boohoo.esb.database.boohoo.database.repository.UserRepositoryIntegrationTest" name="sampleTestCase"/>
</testsuite>